g:\mech552 project\kalmanfilterincpp\kalmanfilterincpp\debug\vc141.pdb
g:\mech552 project\kalmanfilterincpp\kalmanfilterincpp\debug\vc141.idb
g:\mech552 project\kalmanfilterincpp\kalmanfilterincpp\debug\schur.obj
g:\mech552 project\kalmanfilterincpp\kalmanfilterincpp\debug\sortbutter.obj
g:\mech552 project\kalmanfilterincpp\kalmanfilterincpp\debug\sortbuttord.obj
g:\mech552 project\kalmanfilterincpp\kalmanfilterincpp\debug\sqrt.obj
g:\mech552 project\kalmanfilterincpp\kalmanfilterincpp\debug\xdlapy3.obj
g:\mech552 project\kalmanfilterincpp\kalmanfilterincpp\debug\xgemv.obj
g:\mech552 project\kalmanfilterincpp\kalmanfilterincpp\debug\xgeqp3.obj
g:\mech552 project\kalmanfilterincpp\kalmanfilterincpp\debug\xgerc.obj
g:\mech552 project\kalmanfilterincpp\kalmanfilterincpp\debug\xgetrf.obj
g:\mech552 project\kalmanfilterincpp\kalmanfilterincpp\debug\xnrm2.obj
g:\mech552 project\kalmanfilterincpp\kalmanfilterincpp\debug\xscal.obj
g:\mech552 project\kalmanfilterincpp\kalmanfilterincpp\debug\xtrsm.obj
g:\mech552 project\kalmanfilterincpp\kalmanfilterincpp\debug\xunormqr.obj
g:\mech552 project\kalmanfilterincpp\kalmanfilterincpp\debug\xzgeev.obj
g:\mech552 project\kalmanfilterincpp\kalmanfilterincpp\debug\xzgetrf.obj
g:\mech552 project\kalmanfilterincpp\kalmanfilterincpp\debug\xzhgeqz.obj
g:\mech552 project\kalmanfilterincpp\kalmanfilterincpp\debug\xzhseqr.obj
g:\mech552 project\kalmanfilterincpp\kalmanfilterincpp\debug\xzlarfg.obj
g:\mech552 project\kalmanfilterincpp\kalmanfilterincpp\debug\xzlartg.obj
g:\mech552 project\kalmanfilterincpp\kalmanfilterincpp\debug\xzlascl.obj
g:\mech552 project\kalmanfilterincpp\kalmanfilterincpp\debug\cmatrix.obj
g:\mech552 project\kalmanfilterincpp\kalmanfilterincpp\debug\colon.obj
g:\mech552 project\kalmanfilterincpp\kalmanfilterincpp\debug\eig.obj
g:\mech552 project\kalmanfilterincpp\kalmanfilterincpp\debug\exp.obj
g:\mech552 project\kalmanfilterincpp\kalmanfilterincpp\debug\eye.obj
g:\mech552 project\kalmanfilterincpp\kalmanfilterincpp\debug\inv.obj
g:\mech552 project\kalmanfilterincpp\kalmanfilterincpp\debug\isequal.obj
g:\mech552 project\kalmanfilterincpp\kalmanfilterincpp\debug\ixamax.obj
g:\mech552 project\kalmanfilterincpp\kalmanfilterincpp\debug\main.obj
g:\mech552 project\kalmanfilterincpp\kalmanfilterincpp\debug\mrdivide.obj
g:\mech552 project\kalmanfilterincpp\kalmanfilterincpp\debug\mybilinear.obj
g:\mech552 project\kalmanfilterincpp\kalmanfilterincpp\debug\mylp2bs.obj
g:\mech552 project\kalmanfilterincpp\kalmanfilterincpp\debug\mypoly.obj
g:\mech552 project\kalmanfilterincpp\kalmanfilterincpp\debug\myzp2ss.obj
g:\mech552 project\kalmanfilterincpp\kalmanfilterincpp\debug\qrsolve.obj
g:\mech552 project\kalmanfilterincpp\kalmanfilterincpp\debug\recip.obj
g:\mech552 project\kalmanfilterincpp\kalmanfilterincpp\debug\relop.obj
g:\mech552 project\kalmanfilterincpp\kalmanfilterincpp\debug\rtgetinf.obj
g:\mech552 project\kalmanfilterincpp\kalmanfilterincpp\debug\rtgetnan.obj
g:\mech552 project\kalmanfilterincpp\kalmanfilterincpp\debug\rt_nonfinite.obj
g:\mech552 project\kalmanfilterincpp\kalmanfilterincpp\debug\anynonfinite.obj
g:\mech552 project\kalmanfilterincpp\kalmanfilterincpp\debug\butterbandpassonly.obj
g:\mech552 project\kalmanfilterincpp\kalmanfilterincpp\debug\butterbandpassonly_emxapi.obj
g:\mech552 project\kalmanfilterincpp\kalmanfilterincpp\debug\butterbandpassonly_emxutil.obj
g:\mech552 project\kalmanfilterincpp\kalmanfilterincpp\debug\butterbandpassonly_initialize.obj
g:\mech552 project\kalmanfilterincpp\kalmanfilterincpp\debug\butterbandpassonly_rtwutil.obj
g:\mech552 project\kalmanfilterincpp\kalmanfilterincpp\debug\butterbandpassonly_terminate.obj
g:\mech552 project\kalmanfilterincpp\kalmanfilterincpp\debug\buttordbandpassonly.obj
g:\mech552 project\kalmanfilterincpp\kalmanfilterincpp\debug\buttordbandpassonly_initialize.obj
g:\mech552 project\kalmanfilterincpp\kalmanfilterincpp\debug\buttordbandpassonly_terminate.obj
g:\mech552 project\kalmanfilterincpp\kalmanfilterincpp\debug\cbandpassfilters.obj
g:\mech552 project\kalmanfilterincpp\kalmanfilterincpp\debug\ckalmanfilter.obj
g:\mech552 project\kalmanfilterincpp\kalmanfilterincpp\debug\cnonlinearenergyoperator.obj
g:\mech552 project\kalmanfilterincpp\kalmanfilterincpp\debug\cmeanfilter.obj
g:\mech552 project\kalmanfilterincpp\kalmanfilterincpp\debug\cchatterdetection.obj
g:\mech552 project\kalmanfilterincpp\debug\kalmanfilterincpp.exe
g:\mech552 project\kalmanfilterincpp\debug\kalmanfilterincpp.pdb
g:\mech552 project\kalmanfilterincpp\kalmanfilterincpp\debug\kalmanfi.e80c5a2c.tlog\cl.command.1.tlog
g:\mech552 project\kalmanfilterincpp\kalmanfilterincpp\debug\kalmanfi.e80c5a2c.tlog\cl.read.1.tlog
g:\mech552 project\kalmanfilterincpp\kalmanfilterincpp\debug\kalmanfi.e80c5a2c.tlog\cl.write.1.tlog
g:\mech552 project\kalmanfilterincpp\kalmanfilterincpp\debug\kalmanfi.e80c5a2c.tlog\link.command.1.tlog
g:\mech552 project\kalmanfilterincpp\kalmanfilterincpp\debug\kalmanfi.e80c5a2c.tlog\link.read.1.tlog
g:\mech552 project\kalmanfilterincpp\kalmanfilterincpp\debug\kalmanfi.e80c5a2c.tlog\link.write.1.tlog
